<?xml version="1.0" encoding="UTF-8"?>
<testng-results ignored="0" total="1" passed="1" failed="0" skipped="0">
  <reporter-output>
  </reporter-output>
  <suite started-at="2023-12-15T21:22:27 IST" name="Default suite" finished-at="2023-12-15T21:23:01 IST" duration-ms="33347">
    <groups>
      <group name="cucumber">
        <method signature="AbstractTestNGCucumberTests.runScenario(io.cucumber.testng.PickleWrapper,io.cucumber.testng.FeatureWrapper)[pri:0, instance:testRunner.TestRunner@4686afc2]" name="runScenario" class="io.cucumber.testng.AbstractTestNGCucumberTests"/>
      </group> <!-- cucumber -->
    </groups>
    <test started-at="2023-12-15T21:22:27 IST" name="Default test" finished-at="2023-12-15T21:23:01 IST" duration-ms="33347">
      <class name="testRunner.TestRunner">
        <test-method is-config="true" signature="setUpClass(org.testng.ITestContext)[pri:0, instance:testRunner.TestRunner@4686afc2]" started-at="2023-12-15T21:22:28 IST" name="setUpClass" finished-at="2023-12-15T21:22:28 IST" duration-ms="352" status="PASS">
          <params>
            <param index="0">
              <value>
                <![CDATA[org.testng.TestRunner@7e7e962d]]>
              </value>
            </param>
          </params>
          <reporter-output>
          </reporter-output>
        </test-method> <!-- setUpClass -->
        <test-method signature="runScenario(io.cucumber.testng.PickleWrapper,io.cucumber.testng.FeatureWrapper)[pri:0, instance:testRunner.TestRunner@4686afc2]" started-at="2023-12-15T21:22:28 IST" name="runScenario" description="Runs Cucumber Scenarios" data-provider="scenarios" finished-at="2023-12-15T21:23:01 IST" duration-ms="32559" status="PASS">
          <params>
            <param index="0">
              <value>
                <![CDATA["Validate Pizzahut pizza order flow"]]>
              </value>
            </param>
            <param index="1">
              <value>
                <![CDATA["Pizza-Hut functionalities test"]]>
              </value>
            </param>
          </params>
          <reporter-output>
          </reporter-output>
        </test-method> <!-- runScenario -->
        <test-method is-config="true" signature="tearDownClass()[pri:0, instance:testRunner.TestRunner@4686afc2]" started-at="2023-12-15T21:23:01 IST" name="tearDownClass" finished-at="2023-12-15T21:23:01 IST" duration-ms="12" status="PASS">
          <reporter-output>
          </reporter-output>
        </test-method> <!-- tearDownClass -->
      </class> <!-- testRunner.TestRunner -->
    </test> <!-- Default test -->
  </suite> <!-- Default suite -->
</testng-results>
